From https://github.com/Eunhyang/loop_obsidian
 * branch            main       -> FETCH_HEAD
Already up to date.
[main c4bfd74] auto: 2026-01-01 15:08 - 4 files
 4 files changed, 59 insertions(+)
 create mode 100644 _build/local-sync-stderr.log
 create mode 100644 _build/local-sync-stdout.log
 create mode 100644 _build/local-sync.log
 create mode 100755 scripts/local-git-sync.sh
To https://github.com/Eunhyang/loop_obsidian.git
   5ada594..c4bfd74  main -> main
[main e00f888] auto: 2026-01-01 15:22 - 2 files
 2 files changed, 58 insertions(+), 5 deletions(-)
error: cannot pull with rebase: You have unstaged changes.
error: please commit or stash them.
[main 0a777c6] auto: 2026-01-01 15:37 - 2 files
 2 files changed, 6 insertions(+), 1 deletion(-)
error: cannot pull with rebase: You have unstaged changes.
error: please commit or stash them.
[main 34433d5] auto: 2026-01-01 15:52 - 1 files
 1 file changed, 4 insertions(+)
error: cannot pull with rebase: You have unstaged changes.
error: please commit or stash them.
[main b036041] auto: 2026-01-01 16:07 - 1 files
 1 file changed, 4 insertions(+)
error: cannot pull with rebase: You have unstaged changes.
error: please commit or stash them.
